app/activity/[id]/page.tsx(13,61): error TS2339: Property 'formId' does not exist on type 'ActivityLog'.
app/analytics/[id]/page.tsx(15,55): error TS2339: Property 'formId' does not exist on type '{ id: string; submittedAt: string; device: string; data: { email: string; satisfaction: string; feedback: string; }; }'.
app/analytics/[id]/page.tsx(286,35): error TS7053: Element implicitly has an 'any' type because expression of type 'string' can't be used to index type '{ email: string; satisfaction: string; feedback: string; }'.
  No index signature with a parameter of type 'string' was found on type '{ email: string; satisfaction: string; feedback: string; }'.
app/api/activity/[id]/route.ts(2,27): error TS2307: Cannot find module '@/lib/data-store' or its corresponding type declarations.
app/api/activity/[id]/route.ts(50,7): error TS2353: Object literal may only specify known properties, and 'formId' does not exist in type 'ActivityLog'.
app/api/analytics/[id]/route.ts(2,27): error TS2307: Cannot find module '@/lib/data-store' or its corresponding type declarations.
app/api/editors/[id]/route.ts(2,27): error TS2307: Cannot find module '@/lib/data-store' or its corresponding type declarations.
app/api/editors/[id]/route.ts(51,7): error TS2353: Object literal may only specify known properties, and 'userAvatar' does not exist in type 'ActiveEditor'.
app/api/forms/[id]/publish/route.ts(2,27): error TS2307: Cannot find module '@/lib/data-store' or its corresponding type declarations.
app/api/forms/[id]/publish/route.ts(35,15): error TS2339: Property 'ActivityLog' does not exist on type 'typeof import("D:/formbuilder/frontend/src/types/collaboration")'.
app/api/forms/[id]/publish/route.ts(37,26): error TS2749: 'ActivityLog' refers to a value, but is being used as a type here. Did you mean 'typeof ActivityLog'?
app/api/forms/[id]/route.ts(2,27): error TS2307: Cannot find module '@/lib/data-store' or its corresponding type declarations.
app/api/forms/[id]/route.ts(55,15): error TS2339: Property 'ActivityLog' does not exist on type 'typeof import("D:/formbuilder/frontend/src/types/collaboration")'.
app/api/forms/[id]/route.ts(57,26): error TS2749: 'ActivityLog' refers to a value, but is being used as a type here. Did you mean 'typeof ActivityLog'?
app/api/forms/[id]/submissions/route.ts(2,27): error TS2307: Cannot find module '@/lib/data-store' or its corresponding type declarations.
app/api/forms/[id]/view/route.ts(2,27): error TS2307: Cannot find module '@/lib/data-store' or its corresponding type declarations.
app/api/forms/route.ts(2,27): error TS2307: Cannot find module '@/lib/data-store' or its corresponding type declarations.
app/api/forms/route.ts(3,28): error TS2307: Cannot find module '@/types/form' or its corresponding type declarations.
app/api/forms/route.ts(16,28): error TS7006: Parameter 'form' implicitly has an 'any' type.
app/api/forms/route.ts(23,9): error TS7006: Parameter 'form' implicitly has an 'any' type.
app/api/forms/route.ts(62,49): error TS2307: Cannot find module '@/lib/data-store' or its corresponding type declarations.
app/api/forms/route.ts(63,15): error TS2339: Property 'ActivityLog' does not exist on type 'typeof import("D:/formbuilder/frontend/src/types/collaboration")'.
app/api/forms/route.ts(65,26): error TS2749: 'ActivityLog' refers to a value, but is being used as a type here. Did you mean 'typeof ActivityLog'?
app/api/submissions/[id]/route.ts(2,27): error TS2307: Cannot find module '@/lib/data-store' or its corresponding type declarations.
app/api/submissions/route.ts(2,27): error TS2307: Cannot find module '@/lib/data-store' or its corresponding type declarations.
app/api/submissions/route.ts(3,32): error TS2307: Cannot find module '@/types/form' or its corresponding type declarations.
app/builder/[id]/page.tsx(7,33): error TS2307: Cannot find module '@/hooks/useBuilderStore' or its corresponding type declarations.
app/builder/[id]/page.tsx(80,44): error TS7006: Parameter 'el' implicitly has an 'any' type.
app/builder/[id]/page.tsx(107,47): error TS7006: Parameter 'el' implicitly has an 'any' type.
app/builder/[id]/page.tsx(160,44): error TS7006: Parameter 'el' implicitly has an 'any' type.
app/builder/[id]/page.tsx(161,44): error TS7006: Parameter 'el' implicitly has an 'any' type.
app/builder/[id]/page.tsx(260,41): error TS7006: Parameter 'el' implicitly has an 'any' type.
app/builder/[id]/page.tsx(286,43): error TS7015: Element implicitly has an 'any' type because index expression is not of type 'number'.
app/builder/[id]/page.tsx(456,56): error TS7006: Parameter 'el' implicitly has an 'any' type.
app/dashboard/page.tsx(41,9): error TS2322: Type '{ id: string; title: string; status: FormStatus; responseCount: number; updatedAt: string; viewCount: number; questions: number; responses: number; }[]' is not assignable to type 'Form[]'.
  Type '{ id: string; title: string; status: FormStatus; responseCount: number; updatedAt: string; viewCount: number; questions: number; responses: number; }' is missing the following properties from type 'Form': isQuiz, createdById, createdAt
app/dashboard/page.tsx(55,44): error TS2367: This comparison appears to be unintentional because the types 'FormStatus' and '"published" | "draft"' have no overlap.
app/preview/[id]/page.tsx(5,25): error TS2307: Cannot find module '@/components/preview/DeviceFrame' or its corresponding type declarations.
app/preview/[id]/page.tsx(7,33): error TS2307: Cannot find module '@/hooks/useBuilderStore' or its corresponding type declarations.
app/preview/[id]/page.tsx(163,33): error TS7006: Parameter 'element' implicitly has an 'any' type.
app/responses/[id]/page.tsx(16,55): error TS2339: Property 'formId' does not exist on type '{ id: string; submittedAt: string; device: string; data: { email: string; satisfaction: string; feedback: string; }; }'.
app/responses/[id]/page.tsx(83,11): error TS2322: Type '{ submissions: { id: string; submittedAt: string; device: string; data: { email: string; satisfaction: string; feedback: string; }; }[]; availableFields: string[]; onAnalysisChange: (field: string, analysisType: string) => void; }' is not assignable to type 'IntrinsicAttributes & FieldAnalyticsSelectorProps'.
  Property 'submissions' does not exist on type 'IntrinsicAttributes & FieldAnalyticsSelectorProps'.
app/submission/[id]/page.tsx(13,71): error TS2339: Property 'formId' does not exist on type '{ id: string; submittedAt: string; device: string; data: { email: string; satisfaction: string; feedback: string; }; }'.
app/submission/[id]/page.tsx(145,69): error TS2339: Property 'formId' does not exist on type '{ id: string; submittedAt: string; device: string; data: { email: string; satisfaction: string; feedback: string; }; }'.
frontend/src/lib/api.ts(4,29): error TS2339: Property 'env' does not exist on type 'ImportMeta'.
frontend/src/store/formStore.ts(645,39): error TS2339: Property 'env' does not exist on type 'ImportMeta'.
frontend/src/store/formStore.ts(651,33): error TS2339: Property 'env' does not exist on type 'ImportMeta'.
